<?xml version="1.0" encoding="UTF-8"?>
<testsuite name="TestSuite" time="205.278" tests="4" errors="0" skipped="0" failures="4">
  <properties>
[...]
</properties>
  <testcase name="Homepage" classname="com.gspann.RodanTest" time="47.848">
    <failure message="Element is not currently visible and so may not be interacted with&#10;Command duration or timeout: 40.10 seconds&#10;Build info: version: &apos;2.53.0&apos;, revision: &apos;35ae25b1534ae328c771e0856c93e187490ca824&apos;, time: &apos;2016-03-15 10:43:46&apos;&#10;System info: host: &apos;NODE167&apos;, ip: &apos;10.210.1.46&apos;, os.name: &apos;Windows 8.1&apos;, os.arch: &apos;amd64&apos;, os.version: &apos;6.3&apos;, java.version: &apos;1.7.0_79&apos;&#10;Session ID: 451830f1-bc08-4527-aac5-9b2fc5d4f416&#10;Driver info: org.openqa.selenium.firefox.FirefoxDriver&#10;Capabilities [{platform=WINDOWS, acceptSslCerts=true, javascriptEnabled=true, cssSelectorsEnabled=true, databaseEnabled=true, browserName=firefox, handlesAlerts=true, nativeEvents=false, webStorageEnabled=true, rotatable=false, locationContextEnabled=true, applicationCacheEnabled=true, takesScreenshot=true, version=43.0.1}]" type="org.openqa.selenium.ElementNotVisibleException"><![CDATA[org.openqa.selenium.ElementNotVisibleException: Element is not currently visible and so may not be interacted with
Command duration or timeout: 40.10 seconds
Build info: version: '2.53.0', revision: '35ae25b1534ae328c771e0856c93e187490ca824', time: '2016-03-15 10:43:46'
System info: host: 'NODE167', ip: '10.210.1.46', os.name: 'Windows 8.1', os.arch: 'amd64', os.version: '6.3', java.version: '1.7.0_79'
Session ID: 451830f1-bc08-4527-aac5-9b2fc5d4f416
Driver info: org.openqa.selenium.firefox.FirefoxDriver
Capabilities [{platform=WINDOWS, acceptSslCerts=true, javascriptEnabled=true, cssSelectorsEnabled=true, databaseEnabled=true, browserName=firefox, handlesAlerts=true, nativeEvents=false, webStorageEnabled=true, rotatable=false, locationContextEnabled=true, applicationCacheEnabled=true, takesScreenshot=true, version=43.0.1}]
	at sun.reflect.NativeConstructorAccessorImpl.newInstance0(Native Method)
	at sun.reflect.NativeConstructorAccessorImpl.newInstance(Unknown Source)
	at sun.reflect.DelegatingConstructorAccessorImpl.newInstance(Unknown Source)
	at java.lang.reflect.Constructor.newInstance(Unknown Source)
	at org.openqa.selenium.remote.ErrorHandler.createThrowable(ErrorHandler.java:206)
	at org.openqa.selenium.remote.ErrorHandler.throwIfResponseFailed(ErrorHandler.java:158)
	at org.openqa.selenium.remote.RemoteWebDriver.execute(RemoteWebDriver.java:678)
	at org.openqa.selenium.remote.RemoteWebElement.execute(RemoteWebElement.java:327)
	at org.openqa.selenium.remote.RemoteWebElement.click(RemoteWebElement.java:85)
	at com.gspann.RodanClass.clickallProduct(RodanClass.java:46)
	at com.gspann.RodanTest.Homepage(RodanTest.java:44)
Caused by: org.openqa.selenium.ElementNotVisibleException: Element is not currently visible and so may not be interacted with
Build info: version: '2.53.0', revision: '35ae25b1534ae328c771e0856c93e187490ca824', time: '2016-03-15 10:43:46'
System info: host: 'NODE167', ip: '10.210.1.46', os.name: 'Windows 8.1', os.arch: 'amd64', os.version: '6.3', java.version: '1.7.0_79'
Driver info: driver.version: unknown
	at <anonymous class>.fxdriver.preconditions.visible(file:///C:/Users/User/AppData/Local/Temp/anonymous7948558519315217020webdriver-profile/extensions/fxdriver@googlecode.com/components/command-processor.js:10092)
	at <anonymous class>.DelayedCommand.prototype.checkPreconditions_(file:///C:/Users/User/AppData/Local/Temp/anonymous7948558519315217020webdriver-profile/extensions/fxdriver@googlecode.com/components/command-processor.js:12644)
	at <anonymous class>.DelayedCommand.prototype.executeInternal_/h(file:///C:/Users/User/AppData/Local/Temp/anonymous7948558519315217020webdriver-profile/extensions/fxdriver@googlecode.com/components/command-processor.js:12661)
	at <anonymous class>.fxdriver.Timer.prototype.setTimeout/<.notify(file:///C:/Users/User/AppData/Local/Temp/anonymous7948558519315217020webdriver-profile/extensions/fxdriver@googlecode.com/components/command-processor.js:625)
]]></failure>
    <system-out><![CDATA[onTestStart-Test1
onTestStart-Homepage
onTestStart-consultant
done6
done1
done2
done7
onTestSuccess-Homepage
]]></system-out>
  </testcase>
  <testcase name="consultant" classname="com.gspann.RodanTest" time="51.928">
    <failure message="Element is not currently visible and so may not be interacted with&#10;Command duration or timeout: 40.04 seconds&#10;Build info: version: &apos;2.53.0&apos;, revision: &apos;35ae25b1534ae328c771e0856c93e187490ca824&apos;, time: &apos;2016-03-15 10:43:46&apos;&#10;System info: host: &apos;NODE167&apos;, ip: &apos;10.210.1.46&apos;, os.name: &apos;Windows 8.1&apos;, os.arch: &apos;amd64&apos;, os.version: &apos;6.3&apos;, java.version: &apos;1.7.0_79&apos;&#10;Session ID: 451830f1-bc08-4527-aac5-9b2fc5d4f416&#10;Driver info: org.openqa.selenium.firefox.FirefoxDriver&#10;Capabilities [{platform=WINDOWS, acceptSslCerts=true, javascriptEnabled=true, cssSelectorsEnabled=true, databaseEnabled=true, browserName=firefox, handlesAlerts=true, nativeEvents=false, webStorageEnabled=true, rotatable=false, locationContextEnabled=true, applicationCacheEnabled=true, takesScreenshot=true, version=43.0.1}]" type="org.openqa.selenium.ElementNotVisibleException"><![CDATA[org.openqa.selenium.ElementNotVisibleException: Element is not currently visible and so may not be interacted with
Command duration or timeout: 40.04 seconds
Build info: version: '2.53.0', revision: '35ae25b1534ae328c771e0856c93e187490ca824', time: '2016-03-15 10:43:46'
System info: host: 'NODE167', ip: '10.210.1.46', os.name: 'Windows 8.1', os.arch: 'amd64', os.version: '6.3', java.version: '1.7.0_79'
Session ID: 451830f1-bc08-4527-aac5-9b2fc5d4f416
Driver info: org.openqa.selenium.firefox.FirefoxDriver
Capabilities [{platform=WINDOWS, acceptSslCerts=true, javascriptEnabled=true, cssSelectorsEnabled=true, databaseEnabled=true, browserName=firefox, handlesAlerts=true, nativeEvents=false, webStorageEnabled=true, rotatable=false, locationContextEnabled=true, applicationCacheEnabled=true, takesScreenshot=true, version=43.0.1}]
	at sun.reflect.NativeConstructorAccessorImpl.newInstance0(Native Method)
	at sun.reflect.NativeConstructorAccessorImpl.newInstance(Unknown Source)
	at sun.reflect.DelegatingConstructorAccessorImpl.newInstance(Unknown Source)
	at java.lang.reflect.Constructor.newInstance(Unknown Source)
	at org.openqa.selenium.remote.ErrorHandler.createThrowable(ErrorHandler.java:206)
	at org.openqa.selenium.remote.ErrorHandler.throwIfResponseFailed(ErrorHandler.java:158)
	at org.openqa.selenium.remote.RemoteWebDriver.execute(RemoteWebDriver.java:678)
	at org.openqa.selenium.remote.RemoteWebElement.execute(RemoteWebElement.java:327)
	at org.openqa.selenium.remote.RemoteWebElement.click(RemoteWebElement.java:85)
	at com.gspann.RodanConsultant.clickEnrollNow(RodanConsultant.java:49)
	at com.gspann.RodanTest.consultant(RodanTest.java:87)
Caused by: org.openqa.selenium.ElementNotVisibleException: Element is not currently visible and so may not be interacted with
Build info: version: '2.53.0', revision: '35ae25b1534ae328c771e0856c93e187490ca824', time: '2016-03-15 10:43:46'
System info: host: 'NODE167', ip: '10.210.1.46', os.name: 'Windows 8.1', os.arch: 'amd64', os.version: '6.3', java.version: '1.7.0_79'
Driver info: driver.version: unknown
	at <anonymous class>.fxdriver.preconditions.visible(file:///C:/Users/User/AppData/Local/Temp/anonymous7948558519315217020webdriver-profile/extensions/fxdriver@googlecode.com/components/command-processor.js:10092)
	at <anonymous class>.DelayedCommand.prototype.checkPreconditions_(file:///C:/Users/User/AppData/Local/Temp/anonymous7948558519315217020webdriver-profile/extensions/fxdriver@googlecode.com/components/command-processor.js:12644)
	at <anonymous class>.DelayedCommand.prototype.executeInternal_/h(file:///C:/Users/User/AppData/Local/Temp/anonymous7948558519315217020webdriver-profile/extensions/fxdriver@googlecode.com/components/command-processor.js:12661)
	at <anonymous class>.fxdriver.Timer.prototype.setTimeout/<.notify(file:///C:/Users/User/AppData/Local/Temp/anonymous7948558519315217020webdriver-profile/extensions/fxdriver@googlecode.com/components/command-processor.js:625)
]]></failure>
    <system-out><![CDATA[onTestSuccess-consultant
]]></system-out>
  </testcase>
  <testcase name="Homepage" classname="com.gspann.RodanTest" time="50.676">
    <failure message="Element is not currently visible and so may not be interacted with&#10;Command duration or timeout: 40.10 seconds&#10;Build info: version: &apos;2.53.0&apos;, revision: &apos;35ae25b1534ae328c771e0856c93e187490ca824&apos;, time: &apos;2016-03-15 10:43:46&apos;&#10;System info: host: &apos;NODE167&apos;, ip: &apos;10.210.1.46&apos;, os.name: &apos;Windows 8.1&apos;, os.arch: &apos;amd64&apos;, os.version: &apos;6.3&apos;, java.version: &apos;1.7.0_79&apos;&#10;Session ID: 95f37a7d-667e-4c64-a7a5-6d522f940b2f&#10;Driver info: org.openqa.selenium.firefox.FirefoxDriver&#10;Capabilities [{platform=WINDOWS, acceptSslCerts=true, javascriptEnabled=true, cssSelectorsEnabled=true, databaseEnabled=true, browserName=firefox, handlesAlerts=true, nativeEvents=false, webStorageEnabled=true, rotatable=false, locationContextEnabled=true, applicationCacheEnabled=true, takesScreenshot=true, version=43.0.1}]" type="org.openqa.selenium.ElementNotVisibleException"><![CDATA[org.openqa.selenium.ElementNotVisibleException: Element is not currently visible and so may not be interacted with
Command duration or timeout: 40.10 seconds
Build info: version: '2.53.0', revision: '35ae25b1534ae328c771e0856c93e187490ca824', time: '2016-03-15 10:43:46'
System info: host: 'NODE167', ip: '10.210.1.46', os.name: 'Windows 8.1', os.arch: 'amd64', os.version: '6.3', java.version: '1.7.0_79'
Session ID: 95f37a7d-667e-4c64-a7a5-6d522f940b2f
Driver info: org.openqa.selenium.firefox.FirefoxDriver
Capabilities [{platform=WINDOWS, acceptSslCerts=true, javascriptEnabled=true, cssSelectorsEnabled=true, databaseEnabled=true, browserName=firefox, handlesAlerts=true, nativeEvents=false, webStorageEnabled=true, rotatable=false, locationContextEnabled=true, applicationCacheEnabled=true, takesScreenshot=true, version=43.0.1}]
	at sun.reflect.NativeConstructorAccessorImpl.newInstance0(Native Method)
	at sun.reflect.NativeConstructorAccessorImpl.newInstance(Unknown Source)
	at sun.reflect.DelegatingConstructorAccessorImpl.newInstance(Unknown Source)
	at java.lang.reflect.Constructor.newInstance(Unknown Source)
	at org.openqa.selenium.remote.ErrorHandler.createThrowable(ErrorHandler.java:206)
	at org.openqa.selenium.remote.ErrorHandler.throwIfResponseFailed(ErrorHandler.java:158)
	at org.openqa.selenium.remote.RemoteWebDriver.execute(RemoteWebDriver.java:678)
	at org.openqa.selenium.remote.RemoteWebElement.execute(RemoteWebElement.java:327)
	at org.openqa.selenium.remote.RemoteWebElement.click(RemoteWebElement.java:85)
	at com.gspann.RodanClass.clickallProduct(RodanClass.java:46)
	at com.gspann.RodanTest.Homepage(RodanTest.java:44)
Caused by: org.openqa.selenium.ElementNotVisibleException: Element is not currently visible and so may not be interacted with
Build info: version: '2.53.0', revision: '35ae25b1534ae328c771e0856c93e187490ca824', time: '2016-03-15 10:43:46'
System info: host: 'NODE167', ip: '10.210.1.46', os.name: 'Windows 8.1', os.arch: 'amd64', os.version: '6.3', java.version: '1.7.0_79'
Driver info: driver.version: unknown
	at <anonymous class>.fxdriver.preconditions.visible(file:///C:/Users/User/AppData/Local/Temp/anonymous3523721041955776781webdriver-profile/extensions/fxdriver@googlecode.com/components/command-processor.js:10092)
	at <anonymous class>.DelayedCommand.prototype.checkPreconditions_(file:///C:/Users/User/AppData/Local/Temp/anonymous3523721041955776781webdriver-profile/extensions/fxdriver@googlecode.com/components/command-processor.js:12644)
	at <anonymous class>.DelayedCommand.prototype.executeInternal_/h(file:///C:/Users/User/AppData/Local/Temp/anonymous3523721041955776781webdriver-profile/extensions/fxdriver@googlecode.com/components/command-processor.js:12661)
	at <anonymous class>.fxdriver.Timer.prototype.setTimeout/<.notify(file:///C:/Users/User/AppData/Local/Temp/anonymous3523721041955776781webdriver-profile/extensions/fxdriver@googlecode.com/components/command-processor.js:625)
]]></failure>
    <system-out><![CDATA[onFinish-Test1
onTestStart-Test2
onTestStart-consultant
onTestStart-Homepage
done6
done1
done2
done7
onTestSuccess-Homepage
]]></system-out>
  </testcase>
  <testcase name="consultant" classname="com.gspann.RodanTest" time="54.826">
    <failure message="Element is not currently visible and so may not be interacted with&#10;Command duration or timeout: 40.08 seconds&#10;Build info: version: &apos;2.53.0&apos;, revision: &apos;35ae25b1534ae328c771e0856c93e187490ca824&apos;, time: &apos;2016-03-15 10:43:46&apos;&#10;System info: host: &apos;NODE167&apos;, ip: &apos;10.210.1.46&apos;, os.name: &apos;Windows 8.1&apos;, os.arch: &apos;amd64&apos;, os.version: &apos;6.3&apos;, java.version: &apos;1.7.0_79&apos;&#10;Session ID: 95f37a7d-667e-4c64-a7a5-6d522f940b2f&#10;Driver info: org.openqa.selenium.firefox.FirefoxDriver&#10;Capabilities [{platform=WINDOWS, acceptSslCerts=true, javascriptEnabled=true, cssSelectorsEnabled=true, databaseEnabled=true, browserName=firefox, handlesAlerts=true, nativeEvents=false, webStorageEnabled=true, rotatable=false, locationContextEnabled=true, applicationCacheEnabled=true, takesScreenshot=true, version=43.0.1}]" type="org.openqa.selenium.ElementNotVisibleException"><![CDATA[org.openqa.selenium.ElementNotVisibleException: Element is not currently visible and so may not be interacted with
Command duration or timeout: 40.08 seconds
Build info: version: '2.53.0', revision: '35ae25b1534ae328c771e0856c93e187490ca824', time: '2016-03-15 10:43:46'
System info: host: 'NODE167', ip: '10.210.1.46', os.name: 'Windows 8.1', os.arch: 'amd64', os.version: '6.3', java.version: '1.7.0_79'
Session ID: 95f37a7d-667e-4c64-a7a5-6d522f940b2f
Driver info: org.openqa.selenium.firefox.FirefoxDriver
Capabilities [{platform=WINDOWS, acceptSslCerts=true, javascriptEnabled=true, cssSelectorsEnabled=true, databaseEnabled=true, browserName=firefox, handlesAlerts=true, nativeEvents=false, webStorageEnabled=true, rotatable=false, locationContextEnabled=true, applicationCacheEnabled=true, takesScreenshot=true, version=43.0.1}]
	at sun.reflect.NativeConstructorAccessorImpl.newInstance0(Native Method)
	at sun.reflect.NativeConstructorAccessorImpl.newInstance(Unknown Source)
	at sun.reflect.DelegatingConstructorAccessorImpl.newInstance(Unknown Source)
	at java.lang.reflect.Constructor.newInstance(Unknown Source)
	at org.openqa.selenium.remote.ErrorHandler.createThrowable(ErrorHandler.java:206)
	at org.openqa.selenium.remote.ErrorHandler.throwIfResponseFailed(ErrorHandler.java:158)
	at org.openqa.selenium.remote.RemoteWebDriver.execute(RemoteWebDriver.java:678)
	at org.openqa.selenium.remote.RemoteWebElement.execute(RemoteWebElement.java:327)
	at org.openqa.selenium.remote.RemoteWebElement.click(RemoteWebElement.java:85)
	at com.gspann.RodanConsultant.clickEnrollNow(RodanConsultant.java:49)
	at com.gspann.RodanTest.consultant(RodanTest.java:87)
Caused by: org.openqa.selenium.ElementNotVisibleException: Element is not currently visible and so may not be interacted with
Build info: version: '2.53.0', revision: '35ae25b1534ae328c771e0856c93e187490ca824', time: '2016-03-15 10:43:46'
System info: host: 'NODE167', ip: '10.210.1.46', os.name: 'Windows 8.1', os.arch: 'amd64', os.version: '6.3', java.version: '1.7.0_79'
Driver info: driver.version: unknown
	at <anonymous class>.fxdriver.preconditions.visible(file:///C:/Users/User/AppData/Local/Temp/anonymous3523721041955776781webdriver-profile/extensions/fxdriver@googlecode.com/components/command-processor.js:10092)
	at <anonymous class>.DelayedCommand.prototype.checkPreconditions_(file:///C:/Users/User/AppData/Local/Temp/anonymous3523721041955776781webdriver-profile/extensions/fxdriver@googlecode.com/components/command-processor.js:12644)
	at <anonymous class>.DelayedCommand.prototype.executeInternal_/h(file:///C:/Users/User/AppData/Local/Temp/anonymous3523721041955776781webdriver-profile/extensions/fxdriver@googlecode.com/components/command-processor.js:12661)
	at <anonymous class>.fxdriver.Timer.prototype.setTimeout/<.notify(file:///C:/Users/User/AppData/Local/Temp/anonymous3523721041955776781webdriver-profile/extensions/fxdriver@googlecode.com/components/command-processor.js:625)
]]></failure>
    <system-out><![CDATA[onTestSuccess-consultant
]]></system-out>
  </testcase>
</testsuite>